Using concurrent-ruby 1.0.5
Using i18n 1.0.0
Using minitest 5.11.3
Using thread_safe 0.3.6
Using tzinfo 1.2.5
Using activesupport 5.1.6
Using activemodel 5.1.6
Using public_suffix 3.0.2
Using addressable 2.5.2
Using bson 4.3.0
Using bundler 1.16.1
Using daemons 1.2.6
Using diff-lcs 1.3
Using eventmachine 1.2.5
Using em-websocket 0.3.8
Using mongo 2.5.1
Using mongoid 7.0.0
Using mustermann 1.0.2
Using pc-common 0.0.1
Using rack 2.0.4
Using rack-protection 2.0.1
Using rspec-support 3.7.1
Using rspec-core 3.7.1
Using rspec-expectations 3.7.0
Using rspec-mocks 3.7.0
Using rspec 3.7.0
Using ruby-kafka 0.5.4
Using tilt 2.0.8
Using sinatra 2.0.1
Using thin 1.7.2
Using sinatra-websocket 0.3.1
Bundle complete! 7 Gemfile dependencies, 31 gems now installed.
Use `bundle info [gemname]` to see where a bundled gem is installed.
127.0.0.1 - - [01/Apr/2018:10:51:15 +0800] "GET /consumer/log HTTP/1.1" 200 893 0.0046
127.0.0.1 - - [01/Apr/2018:10:52:00 +0800] "GET /consumer/log HTTP/1.1" -1 - 44.6187
Thin web server (v1.7.2 codename Bachmanity)
Maximum connections set to 1024
Listening on 0.0.0.0:9292, CTRL+C to stop
Restarting ...
